This file contains any messages produced by compilers while
running configure, to aid debugging if configure makes a mistake.

It was created by tcpcopy configure 0.2, which was
generated by GNU Autoconf 2.59.  Invocation command line was

  $ ./configure 

## --------- ##
## Platform. ##
## --------- ##

hostname = tuan.163.com
uname -m = i686
uname -r = 2.6.9-55.ELsmp
uname -s = Linux
uname -v = #1 SMP Fri Apr 20 17:03:35 EDT 2007

/usr/bin/uname -p = unknown
/bin/uname -X     = unknown

/bin/arch              = i686
/usr/bin/arch -k       = unknown
/usr/convex/getsysinfo = unknown
hostinfo               = unknown
/bin/machine           = unknown
/usr/bin/oslevel       = unknown
/bin/universe          = unknown

PATH: /home/apache/bin
PATH: /usr/bin/java
PATH: /usr/local/bin
PATH: /home/jdk/bin
PATH: /home/tomcat/bin
PATH: /usr/kerberos/bin
PATH: /usr/bin
PATH: /bin
PATH: /usr/sbin
PATH: /sbin
PATH: /home/openssh-syslog-0.2/bin
PATH: /usr/X11R6/bin
PATH: /opt/svn/bin
PATH: /home/wangbin/bin
PATH: /opt/svn/bin
PATH: /
PATH: /home/wangbin/software/apache-ant-1.7.1/bin


## ----------- ##
## Core tests. ##
## ----------- ##

configure:1556: checking for a BSD-compatible install
configure:1611: result: /usr/bin/install -c
configure:1622: checking whether build environment is sane
configure:1665: result: yes
configure:1730: checking for gawk
configure:1746: found /usr/bin/gawk
configure:1756: result: gawk
configure:1766: checking whether make sets $(MAKE)
configure:1786: result: yes
configure:2011: checking for g++
configure:2027: found /usr/bin/g++
configure:2037: result: g++
configure:2053: checking for C++ compiler version
configure:2056: g++ --version </dev/null >&5
g++ (GCC) 3.4.6 20060404 (Red Hat 3.4.6-8)
Copyright (C) 2006 Free Software Foundation, Inc.
This is free software; see the source for copying conditions.  There is NO
warranty; not even for MERCHANTABILITY or FITNESS FOR A PARTICULAR PURPOSE.

configure:2059: $? = 0
configure:2061: g++ -v </dev/null >&5
Reading specs from /usr/lib/gcc/i386-redhat-linux/3.4.6/specs
Configured with: ../configure --prefix=/usr --mandir=/usr/share/man --infodir=/usr/share/info --enable-shared --enable-threads=posix --disable-checking --with-system-zlib --enable-__cxa_atexit --disable-libunwind-exceptions --enable-java-awt=gtk --host=i386-redhat-linux
Thread model: posix
gcc version 3.4.6 20060404 (Red Hat 3.4.6-8)
configure:2064: $? = 0
configure:2066: g++ -V </dev/null >&5
g++: `-V' option must have argument
configure:2069: $? = 1
configure:2092: checking for C++ compiler default output file name
configure:2095: g++  -g -Werror -Wall  -Wextra   conftest.cc  >&5
configure:2098: $? = 0
configure:2144: result: a.out
configure:2149: checking whether the C++ compiler works
configure:2155: ./a.out
configure:2158: $? = 0
configure:2175: result: yes
configure:2182: checking whether we are cross compiling
configure:2184: result: no
configure:2187: checking for suffix of executables
configure:2189: g++ -o conftest  -g -Werror -Wall  -Wextra   conftest.cc  >&5
configure:2192: $? = 0
configure:2217: result: 
configure:2223: checking for suffix of object files
configure:2244: g++ -c  -g -Werror -Wall  -Wextra  conftest.cc >&5
configure:2247: $? = 0
configure:2269: result: o
configure:2273: checking whether we are using the GNU C++ compiler
configure:2297: g++ -c  -g -Werror -Wall  -Wextra  conftest.cc >&5
configure:2303: $? = 0
configure:2307: test -z 
			 || test ! -s conftest.err
configure:2310: $? = 0
configure:2313: test -s conftest.o
configure:2316: $? = 0
configure:2329: result: yes
configure:2335: checking whether g++ accepts -g
configure:2356: g++ -c -g  conftest.cc >&5
configure:2362: $? = 0
configure:2366: test -z 
			 || test ! -s conftest.err
configure:2369: $? = 0
configure:2372: test -s conftest.o
configure:2375: $? = 0
configure:2386: result: yes
configure:2428: g++ -c  -g -Werror -Wall  -Wextra  conftest.cc >&5
configure:2434: $? = 0
configure:2438: test -z 
			 || test ! -s conftest.err
configure:2441: $? = 0
configure:2444: test -s conftest.o
configure:2447: $? = 0
configure:2473: g++ -c  -g -Werror -Wall  -Wextra  conftest.cc >&5
conftest.cc: In function `int main()':
conftest.cc:15: error: `exit' was not declared in this scope
conftest.cc:15: warning: unused variable 'exit'
configure:2479: $? = 1
configure: failed program was:
| /* confdefs.h.  */
| 
| #define PACKAGE_NAME "tcpcopy"
| #define PACKAGE_TARNAME "tcpcopy"
| #define PACKAGE_VERSION "0.2"
| #define PACKAGE_STRING "tcpcopy 0.2"
| #define PACKAGE_BUGREPORT "wangbin579@gmail.com"
| #define PACKAGE "tcpcopy"
| #define VERSION "0.2"
| /* end confdefs.h.  */
| 
| int
| main ()
| {
| exit (42);
|   ;
|   return 0;
| }
configure:2428: g++ -c  -g -Werror -Wall  -Wextra  conftest.cc >&5
configure:2434: $? = 0
configure:2438: test -z 
			 || test ! -s conftest.err
configure:2441: $? = 0
configure:2444: test -s conftest.o
configure:2447: $? = 0
configure:2473: g++ -c  -g -Werror -Wall  -Wextra  conftest.cc >&5
configure:2479: $? = 0
configure:2483: test -z 
			 || test ! -s conftest.err
configure:2486: $? = 0
configure:2489: test -s conftest.o
configure:2492: $? = 0
configure:2526: checking for style of include used by make
configure:2554: result: GNU
configure:2582: checking dependency style of g++
configure:2672: result: gcc3
configure:2735: checking for gcc
configure:2751: found /usr/bin/gcc
configure:2761: result: gcc
configure:3005: checking for C compiler version
configure:3008: gcc --version </dev/null >&5
gcc (GCC) 3.4.6 20060404 (Red Hat 3.4.6-8)
Copyright (C) 2006 Free Software Foundation, Inc.
This is free software; see the source for copying conditions.  There is NO
warranty; not even for MERCHANTABILITY or FITNESS FOR A PARTICULAR PURPOSE.

configure:3011: $? = 0
configure:3013: gcc -v </dev/null >&5
Reading specs from /usr/lib/gcc/i386-redhat-linux/3.4.6/specs
Configured with: ../configure --prefix=/usr --mandir=/usr/share/man --infodir=/usr/share/info --enable-shared --enable-threads=posix --disable-checking --with-system-zlib --enable-__cxa_atexit --disable-libunwind-exceptions --enable-java-awt=gtk --host=i386-redhat-linux
Thread model: posix
gcc version 3.4.6 20060404 (Red Hat 3.4.6-8)
configure:3016: $? = 0
configure:3018: gcc -V </dev/null >&5
gcc: `-V' option must have argument
configure:3021: $? = 1
configure:3024: checking whether we are using the GNU C compiler
configure:3048: gcc -c  -g -Werror -Wall  -Wextra  conftest.c >&5
configure:3054: $? = 0
configure:3058: test -z 
			 || test ! -s conftest.err
configure:3061: $? = 0
configure:3064: test -s conftest.o
configure:3067: $? = 0
configure:3080: result: yes
configure:3086: checking whether gcc accepts -g
configure:3107: gcc -c -g  conftest.c >&5
configure:3113: $? = 0
configure:3117: test -z 
			 || test ! -s conftest.err
configure:3120: $? = 0
configure:3123: test -s conftest.o
configure:3126: $? = 0
configure:3137: result: yes
configure:3154: checking for gcc option to accept ANSI C
configure:3224: gcc  -c  -g -Werror -Wall  -Wextra  conftest.c >&5
configure:3230: $? = 0
configure:3234: test -z 
			 || test ! -s conftest.err
configure:3237: $? = 0
configure:3240: test -s conftest.o
configure:3243: $? = 0
configure:3261: result: none needed
configure:3279: gcc -c  -g -Werror -Wall  -Wextra  conftest.c >&5
conftest.c:2: error: syntax error before "me"
configure:3285: $? = 1
configure: failed program was:
| #ifndef __cplusplus
|   choke me
| #endif
configure:3420: checking dependency style of gcc
configure:3510: result: gcc3
configure:3527: checking whether ln -s works
configure:3531: result: yes
configure:3619: checking build system type
configure:3637: result: i686-pc-linux-gnu
configure:3645: checking host system type
configure:3659: result: i686-pc-linux-gnu
configure:3667: checking for a sed that does not truncate output
configure:3723: result: /bin/sed
configure:3726: checking for egrep
configure:3736: result: grep -E
configure:3752: checking for ld used by gcc
configure:3819: result: /usr/local/bin/ld
configure:3828: checking if the linker (/usr/local/bin/ld) is GNU ld
configure:3843: result: yes
configure:3848: checking for /usr/local/bin/ld option to reload object files
configure:3855: result: -r
configure:3873: checking for BSD-compatible nm
configure:3922: result: /usr/local/bin/nm -B
configure:3926: checking how to recognize dependent libraries
configure:4112: result: pass_all
configure:4356: checking how to run the C preprocessor
configure:4391: gcc -E  conftest.c
configure:4397: $? = 0
configure:4429: gcc -E  conftest.c
conftest.c:14:28: ac_nonexistent.h: No such file or directory
configure:4435: $? = 1
configure: failed program was:
| /* confdefs.h.  */
| 
| #define PACKAGE_NAME "tcpcopy"
| #define PACKAGE_TARNAME "tcpcopy"
| #define PACKAGE_VERSION "0.2"
| #define PACKAGE_STRING "tcpcopy 0.2"
| #define PACKAGE_BUGREPORT "wangbin579@gmail.com"
| #define PACKAGE "tcpcopy"
| #define VERSION "0.2"
| #ifdef __cplusplus
| extern "C" void std::exit (int) throw (); using std::exit;
| #endif
| /* end confdefs.h.  */
| #include <ac_nonexistent.h>
configure:4474: result: gcc -E
configure:4498: gcc -E  conftest.c
configure:4504: $? = 0
configure:4536: gcc -E  conftest.c
conftest.c:14:28: ac_nonexistent.h: No such file or directory
configure:4542: $? = 1
configure: failed program was:
| /* confdefs.h.  */
| 
| #define PACKAGE_NAME "tcpcopy"
| #define PACKAGE_TARNAME "tcpcopy"
| #define PACKAGE_VERSION "0.2"
| #define PACKAGE_STRING "tcpcopy 0.2"
| #define PACKAGE_BUGREPORT "wangbin579@gmail.com"
| #define PACKAGE "tcpcopy"
| #define VERSION "0.2"
| #ifdef __cplusplus
| extern "C" void std::exit (int) throw (); using std::exit;
| #endif
| /* end confdefs.h.  */
| #include <ac_nonexistent.h>
configure:4586: checking for ANSI C header files
configure:4611: gcc -c  -g -Werror -Wall  -Wextra  conftest.c >&5
configure:4617: $? = 0
configure:4621: test -z 
			 || test ! -s conftest.err
configure:4624: $? = 0
configure:4627: test -s conftest.o
configure:4630: $? = 0
configure:4719: gcc -o conftest  -g -Werror -Wall  -Wextra   conftest.c  >&5
conftest.c: In function `main':
conftest.c:31: warning: implicit declaration of function `exit'
configure:4722: $? = 1
configure: program exited with status 1
configure: failed program was:
| /* confdefs.h.  */
| 
| #define PACKAGE_NAME "tcpcopy"
| #define PACKAGE_TARNAME "tcpcopy"
| #define PACKAGE_VERSION "0.2"
| #define PACKAGE_STRING "tcpcopy 0.2"
| #define PACKAGE_BUGREPORT "wangbin579@gmail.com"
| #define PACKAGE "tcpcopy"
| #define VERSION "0.2"
| #ifdef __cplusplus
| extern "C" void std::exit (int) throw (); using std::exit;
| #endif
| /* end confdefs.h.  */
| #include <ctype.h>
| #if ((' ' & 0x0FF) == 0x020)
| # define ISLOWER(c) ('a' <= (c) && (c) <= 'z')
| # define TOUPPER(c) (ISLOWER(c) ? 'A' + ((c) - 'a') : (c))
| #else
| # define ISLOWER(c) 		   (('a' <= (c) && (c) <= 'i') 		     || ('j' <= (c) && (c) <= 'r') 		     || ('s' <= (c) && (c) <= 'z'))
| # define TOUPPER(c) (ISLOWER(c) ? ((c) | 0x40) : (c))
| #endif
| 
| #define XOR(e, f) (((e) && !(f)) || (!(e) && (f)))
| int
| main ()
| {
|   int i;
|   for (i = 0; i < 256; i++)
|     if (XOR (islower (i), ISLOWER (i))
| 	|| toupper (i) != TOUPPER (i))
|       exit(2);
|   exit (0);
| }
configure:4742: result: no
configure:4766: checking for sys/types.h
configure:4782: gcc -c  -g -Werror -Wall  -Wextra  conftest.c >&5
configure:4788: $? = 0
configure:4792: test -z 
			 || test ! -s conftest.err
configure:4795: $? = 0
configure:4798: test -s conftest.o
configure:4801: $? = 0
configure:4812: result: yes
configure:4766: checking for sys/stat.h
configure:4782: gcc -c  -g -Werror -Wall  -Wextra  conftest.c >&5
configure:4788: $? = 0
configure:4792: test -z 
			 || test ! -s conftest.err
configure:4795: $? = 0
configure:4798: test -s conftest.o
configure:4801: $? = 0
configure:4812: result: yes
configure:4766: checking for stdlib.h
configure:4782: gcc -c  -g -Werror -Wall  -Wextra  conftest.c >&5
configure:4788: $? = 0
configure:4792: test -z 
			 || test ! -s conftest.err
configure:4795: $? = 0
configure:4798: test -s conftest.o
configure:4801: $? = 0
configure:4812: result: yes
configure:4766: checking for string.h
configure:4782: gcc -c  -g -Werror -Wall  -Wextra  conftest.c >&5
configure:4788: $? = 0
configure:4792: test -z 
			 || test ! -s conftest.err
configure:4795: $? = 0
configure:4798: test -s conftest.o
configure:4801: $? = 0
configure:4812: result: yes
configure:4766: checking for memory.h
configure:4782: gcc -c  -g -Werror -Wall  -Wextra  conftest.c >&5
configure:4788: $? = 0
configure:4792: test -z 
			 || test ! -s conftest.err
configure:4795: $? = 0
configure:4798: test -s conftest.o
configure:4801: $? = 0
configure:4812: result: yes
configure:4766: checking for strings.h
configure:4782: gcc -c  -g -Werror -Wall  -Wextra  conftest.c >&5
configure:4788: $? = 0
configure:4792: test -z 
			 || test ! -s conftest.err
configure:4795: $? = 0
configure:4798: test -s conftest.o
configure:4801: $? = 0
configure:4812: result: yes
configure:4766: checking for inttypes.h
configure:4782: gcc -c  -g -Werror -Wall  -Wextra  conftest.c >&5
configure:4788: $? = 0
configure:4792: test -z 
			 || test ! -s conftest.err
configure:4795: $? = 0
configure:4798: test -s conftest.o
configure:4801: $? = 0
configure:4812: result: yes
configure:4766: checking for stdint.h
configure:4782: gcc -c  -g -Werror -Wall  -Wextra  conftest.c >&5
configure:4788: $? = 0
configure:4792: test -z 
			 || test ! -s conftest.err
configure:4795: $? = 0
configure:4798: test -s conftest.o
configure:4801: $? = 0
configure:4812: result: yes
configure:4766: checking for unistd.h
configure:4782: gcc -c  -g -Werror -Wall  -Wextra  conftest.c >&5
configure:4788: $? = 0
configure:4792: test -z 
			 || test ! -s conftest.err
configure:4795: $? = 0
configure:4798: test -s conftest.o
configure:4801: $? = 0
configure:4812: result: yes
configure:4838: checking dlfcn.h usability
configure:4850: gcc -c  -g -Werror -Wall  -Wextra  conftest.c >&5
configure:4856: $? = 0
configure:4860: test -z 
			 || test ! -s conftest.err
configure:4863: $? = 0
configure:4866: test -s conftest.o
configure:4869: $? = 0
configure:4879: result: yes
configure:4883: checking dlfcn.h presence
configure:4893: gcc -E  conftest.c
configure:4899: $? = 0
configure:4919: result: yes
configure:4954: checking for dlfcn.h
configure:4961: result: yes
configure:4984: checking how to run the C++ preprocessor
configure:5015: g++ -E  conftest.cc
configure:5021: $? = 0
configure:5053: g++ -E  conftest.cc
conftest.cc:24:28: ac_nonexistent.h: No such file or directory
configure:5059: $? = 1
configure: failed program was:
| /* confdefs.h.  */
| 
| #define PACKAGE_NAME "tcpcopy"
| #define PACKAGE_TARNAME "tcpcopy"
| #define PACKAGE_VERSION "0.2"
| #define PACKAGE_STRING "tcpcopy 0.2"
| #define PACKAGE_BUGREPORT "wangbin579@gmail.com"
| #define PACKAGE "tcpcopy"
| #define VERSION "0.2"
| #ifdef __cplusplus
| extern "C" void std::exit (int) throw (); using std::exit;
| #endif
| #define HAVE_SYS_TYPES_H 1
| #define HAVE_SYS_STAT_H 1
| #define HAVE_STDLIB_H 1
| #define HAVE_STRING_H 1
| #define HAVE_MEMORY_H 1
| #define HAVE_STRINGS_H 1
| #define HAVE_INTTYPES_H 1
| #define HAVE_STDINT_H 1
| #define HAVE_UNISTD_H 1
| #define HAVE_DLFCN_H 1
| /* end confdefs.h.  */
| #include <ac_nonexistent.h>
configure:5098: result: g++ -E
configure:5122: g++ -E  conftest.cc
configure:5128: $? = 0
configure:5160: g++ -E  conftest.cc
conftest.cc:24:28: ac_nonexistent.h: No such file or directory
configure:5166: $? = 1
configure: failed program was:
| /* confdefs.h.  */
| 
| #define PACKAGE_NAME "tcpcopy"
| #define PACKAGE_TARNAME "tcpcopy"
| #define PACKAGE_VERSION "0.2"
| #define PACKAGE_STRING "tcpcopy 0.2"
| #define PACKAGE_BUGREPORT "wangbin579@gmail.com"
| #define PACKAGE "tcpcopy"
| #define VERSION "0.2"
| #ifdef __cplusplus
| extern "C" void std::exit (int) throw (); using std::exit;
| #endif
| #define HAVE_SYS_TYPES_H 1
| #define HAVE_SYS_STAT_H 1
| #define HAVE_STDLIB_H 1
| #define HAVE_STRING_H 1
| #define HAVE_MEMORY_H 1
| #define HAVE_STRINGS_H 1
| #define HAVE_INTTYPES_H 1
| #define HAVE_STDINT_H 1
| #define HAVE_UNISTD_H 1
| #define HAVE_DLFCN_H 1
| /* end confdefs.h.  */
| #include <ac_nonexistent.h>
configure:5263: checking for g77
configure:5279: found /usr/bin/g77
configure:5289: result: g77
configure:5304: checking for Fortran 77 compiler version
configure:5307: g77 --version </dev/null >&5
GNU Fortran (GCC) 3.4.6 20060404 (Red Hat 3.4.6-8)
Copyright (C) 2006 Free Software Foundation, Inc.

GNU Fortran comes with NO WARRANTY, to the extent permitted by law.
You may redistribute copies of GNU Fortran
under the terms of the GNU General Public License.
For more information about these matters, see the file named COPYING
or type the command `info -f g77 Copying'.
configure:5310: $? = 0
configure:5312: g77 -v </dev/null >&5
Reading specs from /usr/lib/gcc/i386-redhat-linux/3.4.6/specs
Configured with: ../configure --prefix=/usr --mandir=/usr/share/man --infodir=/usr/share/info --enable-shared --enable-threads=posix --disable-checking --with-system-zlib --enable-__cxa_atexit --disable-libunwind-exceptions --enable-java-awt=gtk --host=i386-redhat-linux
Thread model: posix
gcc version 3.4.6 20060404 (Red Hat 3.4.6-8)
configure:5315: $? = 0
configure:5317: g77 -V </dev/null >&5
g77: `-V' option must have argument
configure:5320: $? = 1
configure:5328: checking whether we are using the GNU Fortran 77 compiler
configure:5342: g77 -c  conftest.F >&5
configure:5348: $? = 0
configure:5352: test -z 
			 || test ! -s conftest.err
configure:5355: $? = 0
configure:5358: test -s conftest.o
configure:5361: $? = 0
configure:5374: result: yes
configure:5380: checking whether g77 accepts -g
configure:5392: g77 -c -g conftest.f >&5
configure:5398: $? = 0
configure:5402: test -z 
			 || test ! -s conftest.err
configure:5405: $? = 0
configure:5408: test -s conftest.o
configure:5411: $? = 0
configure:5423: result: yes
configure:5453: checking the maximum length of command line arguments
configure:5565: result: 98304
configure:5577: checking command to parse /usr/local/bin/nm -B output from gcc object
configure:5682: gcc -c  -g -Werror -Wall  -Wextra  conftest.c >&5
configure:5685: $? = 0
configure:5689: /usr/local/bin/nm -B conftest.o \| sed -n -e 's/^.*[ 	]\([ABCDGIRSTW][ABCDGIRSTW]*\)[ 	][ 	]*\([_A-Za-z][_A-Za-z0-9]*\)$/\1 \2 \2/p' \> conftest.nm
configure:5692: $? = 0
configure:5744: gcc -o conftest  -g -Werror -Wall  -Wextra   conftest.c conftstm.o >&5
configure:5747: $? = 0
configure:5785: result: ok
configure:5789: checking for objdir
configure:5804: result: .libs
configure:5894: checking for ar
configure:5910: found /usr/local/bin/ar
configure:5921: result: ar
configure:5974: checking for ranlib
configure:5990: found /usr/local/bin/ranlib
configure:6001: result: ranlib
configure:6054: checking for strip
configure:6070: found /usr/local/bin/strip
configure:6081: result: strip
configure:6353: checking if gcc supports -fno-rtti -fno-exceptions
configure:6371: gcc -c  -g -Werror -Wall  -Wextra  -fno-rtti -fno-exceptions conftest.c >&5
cc1: warning: command line option "-fno-rtti" is valid for C++/ObjC++ but not for C
configure:6375: $? = 1
configure:6388: result: no
configure:6403: checking for gcc option to produce PIC
configure:6635: result: -fPIC
configure:6643: checking if gcc PIC flag -fPIC works
configure:6661: gcc -c  -g -Werror -Wall  -Wextra  -fPIC -DPIC conftest.c >&5
configure:6665: $? = 0
configure:6678: result: yes
configure:6706: checking if gcc static flag -static works
configure:6734: result: yes
configure:6744: checking if gcc supports -c -o file.o
configure:6765: gcc -c  -g -Werror -Wall  -Wextra  -o out/conftest2.o conftest.c >&5
configure:6769: $? = 0
configure:6791: result: yes
configure:6817: checking whether the gcc linker (/usr/local/bin/ld) supports shared libraries
configure:7801: result: yes
configure:7822: checking whether -lc should be explicitly linked in
configure:7827: gcc -c  -g -Werror -Wall  -Wextra  conftest.c >&5
configure:7830: $? = 0
configure:7845: gcc -shared conftest.o  -v -Wl,-soname -Wl,conftest -o conftest 2\>\&1 \| grep  -lc  \>/dev/null 2\>\&1
configure:7848: $? = 0
configure:7860: result: no
configure:7868: checking dynamic linker characteristics
configure:8470: result: GNU/Linux ld.so
configure:8479: checking how to hardcode library paths into programs
configure:8504: result: immediate
configure:8518: checking whether stripping libraries is possible
configure:8523: result: yes
configure:9358: checking if libtool supports shared libraries
configure:9360: result: yes
configure:9363: checking whether to build shared libraries
configure:9384: result: yes
configure:9387: checking whether to build static libraries
configure:9391: result: yes
configure:9484: creating libtool
configure:10072: checking for ld used by g++
configure:10139: result: /usr/local/bin/ld
configure:10148: checking if the linker (/usr/local/bin/ld) is GNU ld
configure:10163: result: yes
configure:10214: checking whether the g++ linker (/usr/local/bin/ld) supports shared libraries
configure:11192: result: yes
configure:11210: g++ -c  -g -Werror -Wall  -Wextra  conftest.cpp >&5
configure:11213: $? = 0
configure:11365: checking for g++ option to produce PIC
configure:11649: result: -fPIC
configure:11657: checking if g++ PIC flag -fPIC works
configure:11675: g++ -c  -g -Werror -Wall  -Wextra  -fPIC -DPIC conftest.cpp >&5
configure:11679: $? = 0
configure:11692: result: yes
configure:11720: checking if g++ static flag -static works
configure:11748: result: yes
configure:11758: checking if g++ supports -c -o file.o
configure:11779: g++ -c  -g -Werror -Wall  -Wextra  -o out/conftest2.o conftest.cpp >&5
configure:11783: $? = 0
configure:11805: result: yes
configure:11831: checking whether the g++ linker (/usr/local/bin/ld) supports shared libraries
configure:11856: result: yes
configure:11923: checking dynamic linker characteristics
configure:12473: result: GNU/Linux ld.so
configure:12482: checking how to hardcode library paths into programs
configure:12507: result: immediate
configure:13041: checking if libtool supports shared libraries
configure:13043: result: yes
configure:13046: checking whether to build shared libraries
configure:13066: result: yes
configure:13069: checking whether to build static libraries
configure:13073: result: yes
configure:13083: checking for g77 option to produce PIC
configure:13315: result: -fPIC
configure:13323: checking if g77 PIC flag -fPIC works
configure:13341: g77 -c -g -O2 -fPIC conftest.f >&5
configure:13345: $? = 0
configure:13358: result: yes
configure:13386: checking if g77 static flag -static works
configure:13414: result: yes
configure:13424: checking if g77 supports -c -o file.o
configure:13445: g77 -c -g -O2 -o out/conftest2.o conftest.f >&5
configure:13449: $? = 0
configure:13471: result: yes
configure:13497: checking whether the g77 linker (/usr/local/bin/ld) supports shared libraries
configure:14461: result: yes
configure:14528: checking dynamic linker characteristics
configure:15078: result: GNU/Linux ld.so
configure:15087: checking how to hardcode library paths into programs
configure:15112: result: immediate
configure:18697: checking for ANSI C header files
configure:18853: result: no
configure:18888: checking arpa/inet.h usability
configure:18900: gcc -c  -g -Werror -Wall  -Wextra  conftest.c >&5
configure:18906: $? = 0
configure:18910: test -z 
			 || test ! -s conftest.err
configure:18913: $? = 0
configure:18916: test -s conftest.o
configure:18919: $? = 0
configure:18929: result: yes
configure:18933: checking arpa/inet.h presence
configure:18943: gcc -E  conftest.c
configure:18949: $? = 0
configure:18969: result: yes
configure:19004: checking for arpa/inet.h
configure:19011: result: yes
configure:18888: checking fcntl.h usability
configure:18900: gcc -c  -g -Werror -Wall  -Wextra  conftest.c >&5
configure:18906: $? = 0
configure:18910: test -z 
			 || test ! -s conftest.err
configure:18913: $? = 0
configure:18916: test -s conftest.o
configure:18919: $? = 0
configure:18929: result: yes
configure:18933: checking fcntl.h presence
configure:18943: gcc -E  conftest.c
configure:18949: $? = 0
configure:18969: result: yes
configure:19004: checking for fcntl.h
configure:19011: result: yes
configure:18888: checking limits.h usability
configure:18900: gcc -c  -g -Werror -Wall  -Wextra  conftest.c >&5
configure:18906: $? = 0
configure:18910: test -z 
			 || test ! -s conftest.err
configure:18913: $? = 0
configure:18916: test -s conftest.o
configure:18919: $? = 0
configure:18929: result: yes
configure:18933: checking limits.h presence
configure:18943: gcc -E  conftest.c
configure:18949: $? = 0
configure:18969: result: yes
configure:19004: checking for limits.h
configure:19011: result: yes
configure:18888: checking netinet/in.h usability
configure:18900: gcc -c  -g -Werror -Wall  -Wextra  conftest.c >&5
configure:18906: $? = 0
configure:18910: test -z 
			 || test ! -s conftest.err
configure:18913: $? = 0
configure:18916: test -s conftest.o
configure:18919: $? = 0
configure:18929: result: yes
configure:18933: checking netinet/in.h presence
configure:18943: gcc -E  conftest.c
configure:18949: $? = 0
configure:18969: result: yes
configure:19004: checking for netinet/in.h
configure:19011: result: yes
configure:18879: checking for stdint.h
configure:18884: result: yes
configure:18879: checking for stdlib.h
configure:18884: result: yes
configure:18879: checking for string.h
configure:18884: result: yes
configure:18888: checking sys/file.h usability
configure:18900: gcc -c  -g -Werror -Wall  -Wextra  conftest.c >&5
configure:18906: $? = 0
configure:18910: test -z 
			 || test ! -s conftest.err
configure:18913: $? = 0
configure:18916: test -s conftest.o
configure:18919: $? = 0
configure:18929: result: yes
configure:18933: checking sys/file.h presence
configure:18943: gcc -E  conftest.c
configure:18949: $? = 0
configure:18969: result: yes
configure:19004: checking for sys/file.h
configure:19011: result: yes
configure:18888: checking sys/param.h usability
configure:18900: gcc -c  -g -Werror -Wall  -Wextra  conftest.c >&5
configure:18906: $? = 0
configure:18910: test -z 
			 || test ! -s conftest.err
configure:18913: $? = 0
configure:18916: test -s conftest.o
configure:18919: $? = 0
configure:18929: result: yes
configure:18933: checking sys/param.h presence
configure:18943: gcc -E  conftest.c
configure:18949: $? = 0
configure:18969: result: yes
configure:19004: checking for sys/param.h
configure:19011: result: yes
configure:18888: checking sys/socket.h usability
configure:18900: gcc -c  -g -Werror -Wall  -Wextra  conftest.c >&5
configure:18906: $? = 0
configure:18910: test -z 
			 || test ! -s conftest.err
configure:18913: $? = 0
configure:18916: test -s conftest.o
configure:18919: $? = 0
configure:18929: result: yes
configure:18933: checking sys/socket.h presence
configure:18943: gcc -E  conftest.c
configure:18949: $? = 0
configure:18969: result: yes
configure:19004: checking for sys/socket.h
configure:19011: result: yes
configure:18888: checking sys/time.h usability
configure:18900: gcc -c  -g -Werror -Wall  -Wextra  conftest.c >&5
configure:18906: $? = 0
configure:18910: test -z 
			 || test ! -s conftest.err
configure:18913: $? = 0
configure:18916: test -s conftest.o
configure:18919: $? = 0
configure:18929: result: yes
configure:18933: checking sys/time.h presence
configure:18943: gcc -E  conftest.c
configure:18949: $? = 0
configure:18969: result: yes
configure:19004: checking for sys/time.h
configure:19011: result: yes
configure:18879: checking for unistd.h
configure:18884: result: yes
configure:19026: checking for stdbool.h that conforms to C99
configure:19079: gcc -c  -g -Werror -Wall  -Wextra  conftest.c >&5
configure:19085: $? = 0
configure:19089: test -z 
			 || test ! -s conftest.err
configure:19092: $? = 0
configure:19095: test -s conftest.o
configure:19098: $? = 0
configure:19109: result: yes
configure:19111: checking for _Bool
configure:19135: gcc -c  -g -Werror -Wall  -Wextra  conftest.c >&5
configure:19141: $? = 0
configure:19145: test -z 
			 || test ! -s conftest.err
configure:19148: $? = 0
configure:19151: test -s conftest.o
configure:19154: $? = 0
configure:19165: result: yes
configure:19184: checking for an ANSI C-conforming const
configure:19251: gcc -c  -g -Werror -Wall  -Wextra  conftest.c >&5
conftest.c: In function `main':
conftest.c:65: warning: unused variable `s'
conftest.c:85: warning: unused variable `foo'
conftest.c:46: warning: unused variable `x'
conftest.c:52: warning: unused variable `zero'
configure:19257: $? = 1
configure: failed program was:
| /* confdefs.h.  */
| 
| #define PACKAGE_NAME "tcpcopy"
| #define PACKAGE_TARNAME "tcpcopy"
| #define PACKAGE_VERSION "0.2"
| #define PACKAGE_STRING "tcpcopy 0.2"
| #define PACKAGE_BUGREPORT "wangbin579@gmail.com"
| #define PACKAGE "tcpcopy"
| #define VERSION "0.2"
| #ifdef __cplusplus
| extern "C" void std::exit (int) throw (); using std::exit;
| #endif
| #define HAVE_SYS_TYPES_H 1
| #define HAVE_SYS_STAT_H 1
| #define HAVE_STDLIB_H 1
| #define HAVE_STRING_H 1
| #define HAVE_MEMORY_H 1
| #define HAVE_STRINGS_H 1
| #define HAVE_INTTYPES_H 1
| #define HAVE_STDINT_H 1
| #define HAVE_UNISTD_H 1
| #define HAVE_DLFCN_H 1
| #define HAVE_ARPA_INET_H 1
| #define HAVE_FCNTL_H 1
| #define HAVE_LIMITS_H 1
| #define HAVE_NETINET_IN_H 1
| #define HAVE_STDINT_H 1
| #define HAVE_STDLIB_H 1
| #define HAVE_STRING_H 1
| #define HAVE_SYS_FILE_H 1
| #define HAVE_SYS_PARAM_H 1
| #define HAVE_SYS_SOCKET_H 1
| #define HAVE_SYS_TIME_H 1
| #define HAVE_UNISTD_H 1
| #define HAVE__BOOL 1
| #define HAVE_STDBOOL_H 1
| /* end confdefs.h.  */
| 
| int
| main ()
| {
| /* FIXME: Include the comments suggested by Paul. */
| #ifndef __cplusplus
|   /* Ultrix mips cc rejects this.  */
|   typedef int charset[2];
|   const charset x;
|   /* SunOS 4.1.1 cc rejects this.  */
|   char const *const *ccp;
|   char **p;
|   /* NEC SVR4.0.2 mips cc rejects this.  */
|   struct point {int x, y;};
|   static struct point const zero = {0,0};
|   /* AIX XL C 1.02.0.0 rejects this.
|      It does not let you subtract one const X* pointer from another in
|      an arm of an if-expression whose if-part is not a constant
|      expression */
|   const char *g = "string";
|   ccp = &g + (g ? g-g : 0);
|   /* HPUX 7.0 cc rejects these. */
|   ++ccp;
|   p = (char**) ccp;
|   ccp = (char const *const *) p;
|   { /* SCO 3.2v4 cc rejects this.  */
|     char *t;
|     char const *s = 0 ? (char *) 0 : (char const *) 0;
| 
|     *t++ = 0;
|   }
|   { /* Someone thinks the Sun supposedly-ANSI compiler will reject this.  */
|     int x[] = {25, 17};
|     const int *foo = &x[0];
|     ++foo;
|   }
|   { /* Sun SC1.0 ANSI compiler rejects this -- but not the above. */
|     typedef const int *iptr;
|     iptr p = 0;
|     ++p;
|   }
|   { /* AIX XL C 1.02.0.0 rejects this saying
|        "k.c", line 2.27: 1506-025 (S) Operand must be a modifiable lvalue. */
|     struct s { int j; const int *ap[3]; };
|     struct s *b; b->j = 5;
|   }
|   { /* ULTRIX-32 V3.1 (Rev 9) vcc rejects this */
|     const int foo = 10;
|   }
| #endif
| 
|   ;
|   return 0;
| }
configure:19281: result: no
configure:19291: checking for inline
configure:19312: gcc -c  -g -Werror -Wall  -Wextra  conftest.c >&5
configure:19318: $? = 0
configure:19322: test -z 
			 || test ! -s conftest.err
configure:19325: $? = 0
configure:19328: test -s conftest.o
configure:19331: $? = 0
configure:19343: result: inline
configure:19362: checking for pid_t
configure:19386: gcc -c  -g -Werror -Wall  -Wextra  conftest.c >&5
configure:19392: $? = 0
configure:19396: test -z 
			 || test ! -s conftest.err
configure:19399: $? = 0
configure:19402: test -s conftest.o
configure:19405: $? = 0
configure:19416: result: yes
configure:19428: checking for size_t
configure:19452: gcc -c  -g -Werror -Wall  -Wextra  conftest.c >&5
configure:19458: $? = 0
configure:19462: test -z 
			 || test ! -s conftest.err
configure:19465: $? = 0
configure:19468: test -s conftest.o
configure:19471: $? = 0
configure:19482: result: yes
configure:19494: checking whether time.h and sys/time.h may both be included
configure:19519: gcc -c  -g -Werror -Wall  -Wextra  conftest.c >&5
configure:19525: $? = 0
configure:19529: test -z 
			 || test ! -s conftest.err
configure:19532: $? = 0
configure:19535: test -s conftest.o
configure:19538: $? = 0
configure:19549: result: yes
configure:19559: checking for working volatile
configure:19582: gcc -c  -g -Werror -Wall  -Wextra  conftest.c >&5
conftest.c: In function `main':
conftest.c:45: warning: unused variable `x'
conftest.c:46: warning: unused variable `y'
configure:19588: $? = 1
configure: failed program was:
| /* confdefs.h.  */
| 
| #define PACKAGE_NAME "tcpcopy"
| #define PACKAGE_TARNAME "tcpcopy"
| #define PACKAGE_VERSION "0.2"
| #define PACKAGE_STRING "tcpcopy 0.2"
| #define PACKAGE_BUGREPORT "wangbin579@gmail.com"
| #define PACKAGE "tcpcopy"
| #define VERSION "0.2"
| #ifdef __cplusplus
| extern "C" void std::exit (int) throw (); using std::exit;
| #endif
| #define HAVE_SYS_TYPES_H 1
| #define HAVE_SYS_STAT_H 1
| #define HAVE_STDLIB_H 1
| #define HAVE_STRING_H 1
| #define HAVE_MEMORY_H 1
| #define HAVE_STRINGS_H 1
| #define HAVE_INTTYPES_H 1
| #define HAVE_STDINT_H 1
| #define HAVE_UNISTD_H 1
| #define HAVE_DLFCN_H 1
| #define HAVE_ARPA_INET_H 1
| #define HAVE_FCNTL_H 1
| #define HAVE_LIMITS_H 1
| #define HAVE_NETINET_IN_H 1
| #define HAVE_STDINT_H 1
| #define HAVE_STDLIB_H 1
| #define HAVE_STRING_H 1
| #define HAVE_SYS_FILE_H 1
| #define HAVE_SYS_PARAM_H 1
| #define HAVE_SYS_SOCKET_H 1
| #define HAVE_SYS_TIME_H 1
| #define HAVE_UNISTD_H 1
| #define HAVE__BOOL 1
| #define HAVE_STDBOOL_H 1
| #define const
| #define TIME_WITH_SYS_TIME 1
| /* end confdefs.h.  */
| 
| int
| main ()
| {
| 
| volatile int x;
| int * volatile y;
|   ;
|   return 0;
| }
configure:19612: result: no
configure:19622: checking for ptrdiff_t
configure:19646: gcc -c  -g -Werror -Wall  -Wextra  conftest.c >&5
conftest.c: In function `main':
conftest.c:78: error: `ptrdiff_t' undeclared (first use in this function)
conftest.c:78: error: (Each undeclared identifier is reported only once
conftest.c:78: error: for each function it appears in.)
conftest.c:78: error: syntax error before ')' token
configure:19652: $? = 1
configure: failed program was:
| /* confdefs.h.  */
| 
| #define PACKAGE_NAME "tcpcopy"
| #define PACKAGE_TARNAME "tcpcopy"
| #define PACKAGE_VERSION "0.2"
| #define PACKAGE_STRING "tcpcopy 0.2"
| #define PACKAGE_BUGREPORT "wangbin579@gmail.com"
| #define PACKAGE "tcpcopy"
| #define VERSION "0.2"
| #ifdef __cplusplus
| extern "C" void std::exit (int) throw (); using std::exit;
| #endif
| #define HAVE_SYS_TYPES_H 1
| #define HAVE_SYS_STAT_H 1
| #define HAVE_STDLIB_H 1
| #define HAVE_STRING_H 1
| #define HAVE_MEMORY_H 1
| #define HAVE_STRINGS_H 1
| #define HAVE_INTTYPES_H 1
| #define HAVE_STDINT_H 1
| #define HAVE_UNISTD_H 1
| #define HAVE_DLFCN_H 1
| #define HAVE_ARPA_INET_H 1
| #define HAVE_FCNTL_H 1
| #define HAVE_LIMITS_H 1
| #define HAVE_NETINET_IN_H 1
| #define HAVE_STDINT_H 1
| #define HAVE_STDLIB_H 1
| #define HAVE_STRING_H 1
| #define HAVE_SYS_FILE_H 1
| #define HAVE_SYS_PARAM_H 1
| #define HAVE_SYS_SOCKET_H 1
| #define HAVE_SYS_TIME_H 1
| #define HAVE_UNISTD_H 1
| #define HAVE__BOOL 1
| #define HAVE_STDBOOL_H 1
| #define const
| #define TIME_WITH_SYS_TIME 1
| #define volatile
| /* end confdefs.h.  */
| #include <stdio.h>
| #if HAVE_SYS_TYPES_H
| # include <sys/types.h>
| #endif
| #if HAVE_SYS_STAT_H
| # include <sys/stat.h>
| #endif
| #if STDC_HEADERS
| # include <stdlib.h>
| # include <stddef.h>
| #else
| # if HAVE_STDLIB_H
| #  include <stdlib.h>
| # endif
| #endif
| #if HAVE_STRING_H
| # if !STDC_HEADERS && HAVE_MEMORY_H
| #  include <memory.h>
| # endif
| # include <string.h>
| #endif
| #if HAVE_STRINGS_H
| # include <strings.h>
| #endif
| #if HAVE_INTTYPES_H
| # include <inttypes.h>
| #else
| # if HAVE_STDINT_H
| #  include <stdint.h>
| # endif
| #endif
| #if HAVE_UNISTD_H
| # include <unistd.h>
| #endif
| int
| main ()
| {
| if ((ptrdiff_t *) 0)
|   return 0;
| if (sizeof (ptrdiff_t))
|   return 0;
|   ;
|   return 0;
| }
configure:19676: result: no
configure:19694: checking for stdlib.h
configure:19699: result: yes
configure:19839: checking for GNU libc compatible malloc
configure:19868: gcc -o conftest  -g -Werror -Wall  -Wextra   conftest.c  >&5
configure:19871: $? = 0
configure:19873: ./conftest
configure:19876: $? = 0
configure:19890: result: yes
configure:19920: checking for working memcmp
configure:19968: gcc -o conftest  -g -Werror -Wall  -Wextra   conftest.c  >&5
configure:19971: $? = 0
configure:19973: ./conftest
configure:19976: $? = 0
configure:19990: result: yes
configure:20016: checking sys/select.h usability
configure:20028: gcc -c  -g -Werror -Wall  -Wextra  conftest.c >&5
configure:20034: $? = 0
configure:20038: test -z 
			 || test ! -s conftest.err
configure:20041: $? = 0
configure:20044: test -s conftest.o
configure:20047: $? = 0
configure:20057: result: yes
configure:20061: checking sys/select.h presence
configure:20071: gcc -E  conftest.c
configure:20077: $? = 0
configure:20097: result: yes
configure:20132: checking for sys/select.h
configure:20139: result: yes
configure:20007: checking for sys/socket.h
configure:20012: result: yes
configure:20152: checking types of arguments for select
configure:20185: gcc -c  -g -Werror -Wall  -Wextra  conftest.c >&5
configure:20191: $? = 0
configure:20195: test -z 
			 || test ! -s conftest.err
configure:20198: $? = 0
configure:20201: test -s conftest.o
configure:20204: $? = 0
configure:20220: result: int,fd_set *,struct timeval *
configure:20243: checking return type of signal handlers
configure:20274: gcc -c  -g -Werror -Wall  -Wextra  conftest.c >&5
conftest.c: In function `main':
conftest.c:62: warning: unused variable `i'
configure:20280: $? = 1
configure: failed program was:
| /* confdefs.h.  */
| 
| #define PACKAGE_NAME "tcpcopy"
| #define PACKAGE_TARNAME "tcpcopy"
| #define PACKAGE_VERSION "0.2"
| #define PACKAGE_STRING "tcpcopy 0.2"
| #define PACKAGE_BUGREPORT "wangbin579@gmail.com"
| #define PACKAGE "tcpcopy"
| #define VERSION "0.2"
| #ifdef __cplusplus
| extern "C" void std::exit (int) throw (); using std::exit;
| #endif
| #define HAVE_SYS_TYPES_H 1
| #define HAVE_SYS_STAT_H 1
| #define HAVE_STDLIB_H 1
| #define HAVE_STRING_H 1
| #define HAVE_MEMORY_H 1
| #define HAVE_STRINGS_H 1
| #define HAVE_INTTYPES_H 1
| #define HAVE_STDINT_H 1
| #define HAVE_UNISTD_H 1
| #define HAVE_DLFCN_H 1
| #define HAVE_ARPA_INET_H 1
| #define HAVE_FCNTL_H 1
| #define HAVE_LIMITS_H 1
| #define HAVE_NETINET_IN_H 1
| #define HAVE_STDINT_H 1
| #define HAVE_STDLIB_H 1
| #define HAVE_STRING_H 1
| #define HAVE_SYS_FILE_H 1
| #define HAVE_SYS_PARAM_H 1
| #define HAVE_SYS_SOCKET_H 1
| #define HAVE_SYS_TIME_H 1
| #define HAVE_UNISTD_H 1
| #define HAVE__BOOL 1
| #define HAVE_STDBOOL_H 1
| #define const
| #define TIME_WITH_SYS_TIME 1
| #define volatile
| #define HAVE_STDLIB_H 1
| #define HAVE_MALLOC 1
| #define HAVE_SYS_SELECT_H 1
| #define HAVE_SYS_SOCKET_H 1
| #define SELECT_TYPE_ARG1 int
| #define SELECT_TYPE_ARG234 (fd_set *)
| #define SELECT_TYPE_ARG5 (struct timeval *)
| /* end confdefs.h.  */
| #include <sys/types.h>
| #include <signal.h>
| #ifdef signal
| # undef signal
| #endif
| #ifdef __cplusplus
| extern "C" void (*signal (int, void (*)(int)))(int);
| #else
| void (*signal ()) ();
| #endif
| 
| int
| main ()
| {
| int i;
|   ;
|   return 0;
| }
configure:20304: result: int
configure:20316: checking for vprintf
configure:20373: gcc -o conftest  -g -Werror -Wall  -Wextra   conftest.c  >&5
conftest.c:73: warning: conflicting types for built-in function 'vprintf'
configure:20379: $? = 1
configure: failed program was:
| /* confdefs.h.  */
| 
| #define PACKAGE_NAME "tcpcopy"
| #define PACKAGE_TARNAME "tcpcopy"
| #define PACKAGE_VERSION "0.2"
| #define PACKAGE_STRING "tcpcopy 0.2"
| #define PACKAGE_BUGREPORT "wangbin579@gmail.com"
| #define PACKAGE "tcpcopy"
| #define VERSION "0.2"
| #ifdef __cplusplus
| extern "C" void std::exit (int) throw (); using std::exit;
| #endif
| #define HAVE_SYS_TYPES_H 1
| #define HAVE_SYS_STAT_H 1
| #define HAVE_STDLIB_H 1
| #define HAVE_STRING_H 1
| #define HAVE_MEMORY_H 1
| #define HAVE_STRINGS_H 1
| #define HAVE_INTTYPES_H 1
| #define HAVE_STDINT_H 1
| #define HAVE_UNISTD_H 1
| #define HAVE_DLFCN_H 1
| #define HAVE_ARPA_INET_H 1
| #define HAVE_FCNTL_H 1
| #define HAVE_LIMITS_H 1
| #define HAVE_NETINET_IN_H 1
| #define HAVE_STDINT_H 1
| #define HAVE_STDLIB_H 1
| #define HAVE_STRING_H 1
| #define HAVE_SYS_FILE_H 1
| #define HAVE_SYS_PARAM_H 1
| #define HAVE_SYS_SOCKET_H 1
| #define HAVE_SYS_TIME_H 1
| #define HAVE_UNISTD_H 1
| #define HAVE__BOOL 1
| #define HAVE_STDBOOL_H 1
| #define const
| #define TIME_WITH_SYS_TIME 1
| #define volatile
| #define HAVE_STDLIB_H 1
| #define HAVE_MALLOC 1
| #define HAVE_SYS_SELECT_H 1
| #define HAVE_SYS_SOCKET_H 1
| #define SELECT_TYPE_ARG1 int
| #define SELECT_TYPE_ARG234 (fd_set *)
| #define SELECT_TYPE_ARG5 (struct timeval *)
| #define RETSIGTYPE int
| /* end confdefs.h.  */
| /* Define vprintf to an innocuous variant, in case <limits.h> declares vprintf.
|    For example, HP-UX 11i <limits.h> declares gettimeofday.  */
| #define vprintf innocuous_vprintf
| 
| /* System header to define __stub macros and hopefully few prototypes,
|     which can conflict with char vprintf (); below.
|     Prefer <limits.h> to <assert.h> if __STDC__ is defined, since
|     <limits.h> exists even on freestanding compilers.  */
| 
| #ifdef __STDC__
| # include <limits.h>
| #else
| # include <assert.h>
| #endif
| 
| #undef vprintf
| 
| /* Override any gcc2 internal prototype to avoid an error.  */
| #ifdef __cplusplus
| extern "C"
| {
| #endif
| /* We use char because int might match the return type of a gcc2
|    builtin and then its argument prototype would still apply.  */
| char vprintf ();
| /* The GNU C library defines this for functions which it implements
|     to always fail with ENOSYS.  Some functions are actually named
|     something starting with __ and the normal name is an alias.  */
| #if defined (__stub_vprintf) || defined (__stub___vprintf)
| choke me
| #else
| char (*f) () = vprintf;
| #endif
| #ifdef __cplusplus
| }
| #endif
| 
| int
| main ()
| {
| return f != vprintf;
|   ;
|   return 0;
| }
configure:20404: result: no
configure:20522: checking for atexit
configure:20579: gcc -o conftest  -g -Werror -Wall  -Wextra   conftest.c  >&5
configure:20585: $? = 0
configure:20589: test -z 
			 || test ! -s conftest.err
configure:20592: $? = 0
configure:20595: test -s conftest
configure:20598: $? = 0
configure:20610: result: yes
configure:20522: checking for gettimeofday
configure:20579: gcc -o conftest  -g -Werror -Wall  -Wextra   conftest.c  >&5
configure:20585: $? = 0
configure:20589: test -z 
			 || test ! -s conftest.err
configure:20592: $? = 0
configure:20595: test -s conftest
configure:20598: $? = 0
configure:20610: result: yes
configure:20522: checking for inet_ntoa
configure:20579: gcc -o conftest  -g -Werror -Wall  -Wextra   conftest.c  >&5
configure:20585: $? = 0
configure:20589: test -z 
			 || test ! -s conftest.err
configure:20592: $? = 0
configure:20595: test -s conftest
configure:20598: $? = 0
configure:20610: result: yes
configure:20522: checking for memset
configure:20579: gcc -o conftest  -g -Werror -Wall  -Wextra   conftest.c  >&5
conftest.c:76: warning: conflicting types for built-in function 'memset'
configure:20585: $? = 1
configure: failed program was:
| /* confdefs.h.  */
| 
| #define PACKAGE_NAME "tcpcopy"
| #define PACKAGE_TARNAME "tcpcopy"
| #define PACKAGE_VERSION "0.2"
| #define PACKAGE_STRING "tcpcopy 0.2"
| #define PACKAGE_BUGREPORT "wangbin579@gmail.com"
| #define PACKAGE "tcpcopy"
| #define VERSION "0.2"
| #ifdef __cplusplus
| extern "C" void std::exit (int) throw (); using std::exit;
| #endif
| #define HAVE_SYS_TYPES_H 1
| #define HAVE_SYS_STAT_H 1
| #define HAVE_STDLIB_H 1
| #define HAVE_STRING_H 1
| #define HAVE_MEMORY_H 1
| #define HAVE_STRINGS_H 1
| #define HAVE_INTTYPES_H 1
| #define HAVE_STDINT_H 1
| #define HAVE_UNISTD_H 1
| #define HAVE_DLFCN_H 1
| #define HAVE_ARPA_INET_H 1
| #define HAVE_FCNTL_H 1
| #define HAVE_LIMITS_H 1
| #define HAVE_NETINET_IN_H 1
| #define HAVE_STDINT_H 1
| #define HAVE_STDLIB_H 1
| #define HAVE_STRING_H 1
| #define HAVE_SYS_FILE_H 1
| #define HAVE_SYS_PARAM_H 1
| #define HAVE_SYS_SOCKET_H 1
| #define HAVE_SYS_TIME_H 1
| #define HAVE_UNISTD_H 1
| #define HAVE__BOOL 1
| #define HAVE_STDBOOL_H 1
| #define const
| #define TIME_WITH_SYS_TIME 1
| #define volatile
| #define HAVE_STDLIB_H 1
| #define HAVE_MALLOC 1
| #define HAVE_SYS_SELECT_H 1
| #define HAVE_SYS_SOCKET_H 1
| #define SELECT_TYPE_ARG1 int
| #define SELECT_TYPE_ARG234 (fd_set *)
| #define SELECT_TYPE_ARG5 (struct timeval *)
| #define RETSIGTYPE int
| #define HAVE_ATEXIT 1
| #define HAVE_GETTIMEOFDAY 1
| #define HAVE_INET_NTOA 1
| /* end confdefs.h.  */
| /* Define memset to an innocuous variant, in case <limits.h> declares memset.
|    For example, HP-UX 11i <limits.h> declares gettimeofday.  */
| #define memset innocuous_memset
| 
| /* System header to define __stub macros and hopefully few prototypes,
|     which can conflict with char memset (); below.
|     Prefer <limits.h> to <assert.h> if __STDC__ is defined, since
|     <limits.h> exists even on freestanding compilers.  */
| 
| #ifdef __STDC__
| # include <limits.h>
| #else
| # include <assert.h>
| #endif
| 
| #undef memset
| 
| /* Override any gcc2 internal prototype to avoid an error.  */
| #ifdef __cplusplus
| extern "C"
| {
| #endif
| /* We use char because int might match the return type of a gcc2
|    builtin and then its argument prototype would still apply.  */
| char memset ();
| /* The GNU C library defines this for functions which it implements
|     to always fail with ENOSYS.  Some functions are actually named
|     something starting with __ and the normal name is an alias.  */
| #if defined (__stub_memset) || defined (__stub___memset)
| choke me
| #else
| char (*f) () = memset;
| #endif
| #ifdef __cplusplus
| }
| #endif
| 
| int
| main ()
| {
| return f != memset;
|   ;
|   return 0;
| }
configure:20610: result: no
configure:20522: checking for select
configure:20579: gcc -o conftest  -g -Werror -Wall  -Wextra   conftest.c  >&5
configure:20585: $? = 0
configure:20589: test -z 
			 || test ! -s conftest.err
configure:20592: $? = 0
configure:20595: test -s conftest
configure:20598: $? = 0
configure:20610: result: yes
configure:20522: checking for socket
configure:20579: gcc -o conftest  -g -Werror -Wall  -Wextra   conftest.c  >&5
configure:20585: $? = 0
configure:20589: test -z 
			 || test ! -s conftest.err
configure:20592: $? = 0
configure:20595: test -s conftest
configure:20598: $? = 0
configure:20610: result: yes
configure:20739: creating ./config.status

## ---------------------- ##
## Running config.status. ##
## ---------------------- ##

This file was extended by tcpcopy config.status 0.2, which was
generated by GNU Autoconf 2.59.  Invocation command line was

  CONFIG_FILES    = 
  CONFIG_HEADERS  = 
  CONFIG_LINKS    = 
  CONFIG_COMMANDS = 
  $ ./config.status 

on tuan.163.com

config.status:721: creating Makefile
config.status:721: creating src/Makefile
config.status:721: creating src/log/Makefile
config.status:721: creating src/interception/Makefile
config.status:721: creating src/communication/Makefile
config.status:721: creating src/tcpcopy/Makefile
config.status:721: creating src/event/Makefile
config.status:825: creating config.h
config.status:1009: config.h is unchanged
config.status:1189: executing depfiles commands

## ---------------- ##
## Cache variables. ##
## ---------------- ##

ac_cv_build=i686-pc-linux-gnu
ac_cv_build_alias=i686-pc-linux-gnu
ac_cv_c_compiler_gnu=yes
ac_cv_c_const=no
ac_cv_c_inline=inline
ac_cv_c_volatile=no
ac_cv_cxx_compiler_gnu=yes
ac_cv_env_CC_set=
ac_cv_env_CC_value=
ac_cv_env_CFLAGS_set=
ac_cv_env_CFLAGS_value=
ac_cv_env_CPPFLAGS_set=
ac_cv_env_CPPFLAGS_value=
ac_cv_env_CPP_set=
ac_cv_env_CPP_value=
ac_cv_env_CXXCPP_set=
ac_cv_env_CXXCPP_value=
ac_cv_env_CXXFLAGS_set=
ac_cv_env_CXXFLAGS_value=
ac_cv_env_CXX_set=
ac_cv_env_CXX_value=
ac_cv_env_F77_set=
ac_cv_env_F77_value=
ac_cv_env_FFLAGS_set=
ac_cv_env_FFLAGS_value=
ac_cv_env_LDFLAGS_set=
ac_cv_env_LDFLAGS_value=
ac_cv_env_build_alias_set=
ac_cv_env_build_alias_value=
ac_cv_env_host_alias_set=
ac_cv_env_host_alias_value=
ac_cv_env_target_alias_set=
ac_cv_env_target_alias_value=
ac_cv_exeext=
ac_cv_f77_compiler_gnu=yes
ac_cv_func_atexit=yes
ac_cv_func_gettimeofday=yes
ac_cv_func_inet_ntoa=yes
ac_cv_func_malloc_0_nonnull=yes
ac_cv_func_memcmp_working=yes
ac_cv_func_memset=no
ac_cv_func_select=yes
ac_cv_func_select_args='int,fd_set *,struct timeval *'
ac_cv_func_socket=yes
ac_cv_func_vprintf=no
ac_cv_header_arpa_inet_h=yes
ac_cv_header_dlfcn_h=yes
ac_cv_header_fcntl_h=yes
ac_cv_header_inttypes_h=yes
ac_cv_header_limits_h=yes
ac_cv_header_memory_h=yes
ac_cv_header_netinet_in_h=yes
ac_cv_header_stdbool_h=yes
ac_cv_header_stdc=no
ac_cv_header_stdint_h=yes
ac_cv_header_stdlib_h=yes
ac_cv_header_string_h=yes
ac_cv_header_strings_h=yes
ac_cv_header_sys_file_h=yes
ac_cv_header_sys_param_h=yes
ac_cv_header_sys_select_h=yes
ac_cv_header_sys_socket_h=yes
ac_cv_header_sys_stat_h=yes
ac_cv_header_sys_time_h=yes
ac_cv_header_sys_types_h=yes
ac_cv_header_time=yes
ac_cv_header_unistd_h=yes
ac_cv_host=i686-pc-linux-gnu
ac_cv_host_alias=i686-pc-linux-gnu
ac_cv_objext=o
ac_cv_path_install='/usr/bin/install -c'
ac_cv_prog_AWK=gawk
ac_cv_prog_CPP='gcc -E'
ac_cv_prog_CXXCPP='g++ -E'
ac_cv_prog_ac_ct_AR=ar
ac_cv_prog_ac_ct_CC=gcc
ac_cv_prog_ac_ct_CXX=g++
ac_cv_prog_ac_ct_F77=g77
ac_cv_prog_ac_ct_RANLIB=ranlib
ac_cv_prog_ac_ct_STRIP=strip
ac_cv_prog_cc_g=yes
ac_cv_prog_cc_stdc=
ac_cv_prog_cxx_g=yes
ac_cv_prog_egrep='grep -E'
ac_cv_prog_f77_g=yes
ac_cv_prog_make_make_set=yes
ac_cv_type__Bool=yes
ac_cv_type_pid_t=yes
ac_cv_type_ptrdiff_t=no
ac_cv_type_signal=int
ac_cv_type_size_t=yes
am_cv_CC_dependencies_compiler_type=gcc3
am_cv_CXX_dependencies_compiler_type=gcc3
lt_cv_deplibs_check_method=pass_all
lt_cv_file_magic_cmd='$MAGIC_CMD'
lt_cv_file_magic_test_file=
lt_cv_ld_reload_flag=-r
lt_cv_objdir=.libs
lt_cv_path_LD=/usr/local/bin/ld
lt_cv_path_LDCXX=/usr/local/bin/ld
lt_cv_path_NM='/usr/local/bin/nm -B'
lt_cv_path_SED=/bin/sed
lt_cv_prog_compiler_c_o=yes
lt_cv_prog_compiler_c_o_CXX=yes
lt_cv_prog_compiler_c_o_F77=yes
lt_cv_prog_compiler_rtti_exceptions=no
lt_cv_prog_gnu_ld=yes
lt_cv_prog_gnu_ldcxx=yes
lt_cv_sys_global_symbol_pipe='sed -n -e '\''s/^.*[ 	]\([ABCDGIRSTW][ABCDGIRSTW]*\)[ 	][ 	]*\([_A-Za-z][_A-Za-z0-9]*\)$/\1 \2 \2/p'\'''
lt_cv_sys_global_symbol_to_c_name_address='sed -n -e '\''s/^: \([^ ]*\) $/  {\"\1\", (lt_ptr) 0},/p'\'' -e '\''s/^[BCDEGRST] \([^ ]*\) \([^ ]*\)$/  {"\2", (lt_ptr) \&\2},/p'\'''
lt_cv_sys_global_symbol_to_cdecl='sed -n -e '\''s/^. .* \(.*\)$/extern int \1;/p'\'''
lt_cv_sys_max_cmd_len=98304
lt_lt_cv_prog_compiler_c_o='"yes"'
lt_lt_cv_prog_compiler_c_o_CXX='"yes"'
lt_lt_cv_prog_compiler_c_o_F77='"yes"'
lt_lt_cv_sys_global_symbol_pipe='"sed -n -e '\''s/^.*[ 	]\\([ABCDGIRSTW][ABCDGIRSTW]*\\)[ 	][ 	]*\\([_A-Za-z][_A-Za-z0-9]*\\)\$/\\1 \\2 \\2/p'\''"'
lt_lt_cv_sys_global_symbol_to_c_name_address='"sed -n -e '\''s/^: \\([^ ]*\\) \$/  {\\\"\\1\\\", (lt_ptr) 0},/p'\'' -e '\''s/^[BCDEGRST] \\([^ ]*\\) \\([^ ]*\\)\$/  {\"\\2\", (lt_ptr) \\&\\2},/p'\''"'
lt_lt_cv_sys_global_symbol_to_cdecl='"sed -n -e '\''s/^. .* \\(.*\\)\$/extern int \\1;/p'\''"'

## ----------------- ##
## Output variables. ##
## ----------------- ##

ACLOCAL='${SHELL} /home/wangbin/work/tmp/tcpcopy/missing --run aclocal-1.9'
AMDEPBACKSLASH='\'
AMDEP_FALSE='#'
AMDEP_TRUE=''
AMTAR='${SHELL} /home/wangbin/work/tmp/tcpcopy/missing --run tar'
AR='ar'
AUTOCONF='${SHELL} /home/wangbin/work/tmp/tcpcopy/missing --run autoconf'
AUTOHEADER='${SHELL} /home/wangbin/work/tmp/tcpcopy/missing --run autoheader'
AUTOMAKE='${SHELL} /home/wangbin/work/tmp/tcpcopy/missing --run automake-1.9'
AWK='gawk'
CC='gcc'
CCDEPMODE='depmode=gcc3'
CFLAGS=' -g -Werror -Wall  -Wextra'
CPP='gcc -E'
CPPFLAGS=''
CXX='g++'
CXXCPP='g++ -E'
CXXDEPMODE='depmode=gcc3'
CXXFLAGS=' -g -Werror -Wall  -Wextra'
CYGPATH_W='echo'
DEFS='-DHAVE_CONFIG_H'
DEPDIR='.deps'
ECHO='echo'
ECHO_C=''
ECHO_N='-n'
ECHO_T=''
EGREP='grep -E'
EXEEXT=''
F77='g77'
FFLAGS='-g -O2'
INSTALL_DATA='${INSTALL} -m 644'
INSTALL_PROGRAM='${INSTALL}'
INSTALL_SCRIPT='${INSTALL}'
INSTALL_STRIP_PROGRAM='${SHELL} $(install_sh) -c -s'
LDFLAGS=''
LIBOBJS=''
LIBS=''
LIBTOOL='$(SHELL) $(top_builddir)/libtool'
LN_S='ln -s'
LTLIBOBJS=''
MAKEINFO='${SHELL} /home/wangbin/work/tmp/tcpcopy/missing --run makeinfo'
OBJEXT='o'
PACKAGE='tcpcopy'
PACKAGE_BUGREPORT='wangbin579@gmail.com'
PACKAGE_NAME='tcpcopy'
PACKAGE_STRING='tcpcopy 0.2'
PACKAGE_TARNAME='tcpcopy'
PACKAGE_VERSION='0.2'
PATH_SEPARATOR=':'
RANLIB='ranlib'
SED='/bin/sed'
SET_MAKE=''
SHELL='/bin/sh'
STRIP='strip'
VERSION='0.2'
ac_ct_AR='ar'
ac_ct_CC='gcc'
ac_ct_CXX='g++'
ac_ct_F77='g77'
ac_ct_RANLIB='ranlib'
ac_ct_STRIP='strip'
am__fastdepCC_FALSE='#'
am__fastdepCC_TRUE=''
am__fastdepCXX_FALSE='#'
am__fastdepCXX_TRUE=''
am__include='include'
am__leading_dot='.'
am__quote=''
am__tar='${AMTAR} chof - "$$tardir"'
am__untar='${AMTAR} xf -'
bindir='${exec_prefix}/bin'
build='i686-pc-linux-gnu'
build_alias=''
build_cpu='i686'
build_os='linux-gnu'
build_vendor='pc'
datadir='${prefix}/share'
exec_prefix='${prefix}'
host='i686-pc-linux-gnu'
host_alias=''
host_cpu='i686'
host_os='linux-gnu'
host_vendor='pc'
includedir='${prefix}/include'
infodir='${prefix}/info'
install_sh='/home/wangbin/work/tmp/tcpcopy/install-sh'
libdir='${exec_prefix}/lib'
libexecdir='${exec_prefix}/libexec'
localstatedir='${prefix}/var'
mandir='${prefix}/man'
mkdir_p='mkdir -p --'
oldincludedir='/usr/include'
prefix='/usr/local'
program_transform_name='s,x,x,'
sbindir='${exec_prefix}/sbin'
sharedstatedir='${prefix}/com'
sysconfdir='${prefix}/etc'
target_alias=''

## ----------- ##
## confdefs.h. ##
## ----------- ##

#define HAVE_ARPA_INET_H 1
#define HAVE_ATEXIT 1
#define HAVE_DLFCN_H 1
#define HAVE_FCNTL_H 1
#define HAVE_GETTIMEOFDAY 1
#define HAVE_INET_NTOA 1
#define HAVE_INTTYPES_H 1
#define HAVE_LIMITS_H 1
#define HAVE_MALLOC 1
#define HAVE_MEMORY_H 1
#define HAVE_NETINET_IN_H 1
#define HAVE_SELECT 1
#define HAVE_SOCKET 1
#define HAVE_STDBOOL_H 1
#define HAVE_STDINT_H 1
#define HAVE_STDINT_H 1
#define HAVE_STDLIB_H 1
#define HAVE_STDLIB_H 1
#define HAVE_STDLIB_H 1
#define HAVE_STRINGS_H 1
#define HAVE_STRING_H 1
#define HAVE_STRING_H 1
#define HAVE_SYS_FILE_H 1
#define HAVE_SYS_PARAM_H 1
#define HAVE_SYS_SELECT_H 1
#define HAVE_SYS_SOCKET_H 1
#define HAVE_SYS_SOCKET_H 1
#define HAVE_SYS_STAT_H 1
#define HAVE_SYS_TIME_H 1
#define HAVE_SYS_TYPES_H 1
#define HAVE_UNISTD_H 1
#define HAVE_UNISTD_H 1
#define HAVE__BOOL 1
#define PACKAGE "tcpcopy"
#define PACKAGE_BUGREPORT "wangbin579@gmail.com"
#define PACKAGE_NAME "tcpcopy"
#define PACKAGE_STRING "tcpcopy 0.2"
#define PACKAGE_TARNAME "tcpcopy"
#define PACKAGE_VERSION "0.2"
#define RETSIGTYPE int
#define SELECT_TYPE_ARG1 int
#define SELECT_TYPE_ARG234 (fd_set *)
#define SELECT_TYPE_ARG5 (struct timeval *)
#define TIME_WITH_SYS_TIME 1
#define VERSION "0.2"
#define const
#define volatile
#endif
#ifdef __cplusplus
extern "C" void std::exit (int) throw (); using std::exit;

configure: exit 0
